0 info it worked if it ends with ok
1 verbose cli [ '/usr/bin/nodejs', '/usr/bin/npm', 'install' ]
2 info using npm@1.3.10
3 info using node@v0.10.25
4 verbose readDependencies using package.json deps
5 verbose install where, deps [ '/mnt/c/Users/jbont/code/Angular2-GettingStarted/APM - Final',
5 verbose install   [ '@angular/common',
5 verbose install     '@angular/compiler',
5 verbose install     '@angular/core',
5 verbose install     '@angular/forms',
5 verbose install     '@angular/http',
5 verbose install     '@angular/platform-browser',
5 verbose install     '@angular/platform-browser-dynamic',
5 verbose install     '@angular/router',
5 verbose install     'core-js',
5 verbose install     'reflect-metadata',
5 verbose install     'rxjs',
5 verbose install     'systemjs',
5 verbose install     'zone.js',
5 verbose install     'bootstrap',
5 verbose install     'concurrently',
5 verbose install     'lite-server',
5 verbose install     'tslint',
5 verbose install     'typescript',
5 verbose install     'typings' ] ]
6 info preinstall product-management@1.0.0
7 verbose readDependencies using package.json deps
8 verbose cache add [ '@angular/core@2.0.0', null ]
9 verbose cache add name=undefined spec="@angular/core@2.0.0" args=["@angular/core@2.0.0",null]
10 verbose parsed url { protocol: null,
10 verbose parsed url   slashes: null,
10 verbose parsed url   auth: null,
10 verbose parsed url   host: null,
10 verbose parsed url   port: null,
10 verbose parsed url   hostname: null,
10 verbose parsed url   hash: null,
10 verbose parsed url   search: null,
10 verbose parsed url   query: null,
10 verbose parsed url   pathname: '@angular/core@2.0.0',
10 verbose parsed url   path: '@angular/core@2.0.0',
10 verbose parsed url   href: '@angular/core@2.0.0' }
11 verbose cache add name="" spec="angular/core@2.0.0" args=["","angular/core@2.0.0"]
12 verbose parsed url { protocol: null,
12 verbose parsed url   slashes: null,
12 verbose parsed url   auth: null,
12 verbose parsed url   host: null,
12 verbose parsed url   port: null,
12 verbose parsed url   hostname: null,
12 verbose parsed url   hash: null,
12 verbose parsed url   search: null,
12 verbose parsed url   query: null,
12 verbose parsed url   pathname: 'angular/core@2.0.0',
12 verbose parsed url   path: 'angular/core@2.0.0',
12 verbose parsed url   href: 'angular/core@2.0.0' }
13 verbose cache add name="angular/core" spec="2.0.0" args=["angular/core","2.0.0"]
14 verbose parsed url { protocol: null,
14 verbose parsed url   slashes: null,
14 verbose parsed url   auth: null,
14 verbose parsed url   host: null,
14 verbose parsed url   port: null,
14 verbose parsed url   hostname: null,
14 verbose parsed url   hash: null,
14 verbose parsed url   search: null,
14 verbose parsed url   query: null,
14 verbose parsed url   pathname: '2.0.0',
14 verbose parsed url   path: '2.0.0',
14 verbose parsed url   href: '2.0.0' }
15 verbose addNamed [ 'angular/core', '2.0.0' ]
16 verbose addNamed [ '2.0.0', '2.0.0' ]
17 verbose cache add [ '@angular/forms@2.0.0', null ]
18 verbose cache add name=undefined spec="@angular/forms@2.0.0" args=["@angular/forms@2.0.0",null]
19 verbose parsed url { protocol: null,
19 verbose parsed url   slashes: null,
19 verbose parsed url   auth: null,
19 verbose parsed url   host: null,
19 verbose parsed url   port: null,
19 verbose parsed url   hostname: null,
19 verbose parsed url   hash: null,
19 verbose parsed url   search: null,
19 verbose parsed url   query: null,
19 verbose parsed url   pathname: '@angular/forms@2.0.0',
19 verbose parsed url   path: '@angular/forms@2.0.0',
19 verbose parsed url   href: '@angular/forms@2.0.0' }
20 verbose cache add name="" spec="angular/forms@2.0.0" args=["","angular/forms@2.0.0"]
21 verbose parsed url { protocol: null,
21 verbose parsed url   slashes: null,
21 verbose parsed url   auth: null,
21 verbose parsed url   host: null,
21 verbose parsed url   port: null,
21 verbose parsed url   hostname: null,
21 verbose parsed url   hash: null,
21 verbose parsed url   search: null,
21 verbose parsed url   query: null,
21 verbose parsed url   pathname: 'angular/forms@2.0.0',
21 verbose parsed url   path: 'angular/forms@2.0.0',
21 verbose parsed url   href: 'angular/forms@2.0.0' }
22 verbose cache add name="angular/forms" spec="2.0.0" args=["angular/forms","2.0.0"]
23 verbose parsed url { protocol: null,
23 verbose parsed url   slashes: null,
23 verbose parsed url   auth: null,
23 verbose parsed url   host: null,
23 verbose parsed url   port: null,
23 verbose parsed url   hostname: null,
23 verbose parsed url   hash: null,
23 verbose parsed url   search: null,
23 verbose parsed url   query: null,
23 verbose parsed url   pathname: '2.0.0',
23 verbose parsed url   path: '2.0.0',
23 verbose parsed url   href: '2.0.0' }
24 verbose addNamed [ 'angular/forms', '2.0.0' ]
25 verbose addNamed [ '2.0.0', '2.0.0' ]
26 verbose cache add [ '@angular/http@2.0.0', null ]
27 verbose cache add name=undefined spec="@angular/http@2.0.0" args=["@angular/http@2.0.0",null]
28 verbose parsed url { protocol: null,
28 verbose parsed url   slashes: null,
28 verbose parsed url   auth: null,
28 verbose parsed url   host: null,
28 verbose parsed url   port: null,
28 verbose parsed url   hostname: null,
28 verbose parsed url   hash: null,
28 verbose parsed url   search: null,
28 verbose parsed url   query: null,
28 verbose parsed url   pathname: '@angular/http@2.0.0',
28 verbose parsed url   path: '@angular/http@2.0.0',
28 verbose parsed url   href: '@angular/http@2.0.0' }
29 verbose cache add name="" spec="angular/http@2.0.0" args=["","angular/http@2.0.0"]
30 verbose parsed url { protocol: null,
30 verbose parsed url   slashes: null,
30 verbose parsed url   auth: null,
30 verbose parsed url   host: null,
30 verbose parsed url   port: null,
30 verbose parsed url   hostname: null,
30 verbose parsed url   hash: null,
30 verbose parsed url   search: null,
30 verbose parsed url   query: null,
30 verbose parsed url   pathname: 'angular/http@2.0.0',
30 verbose parsed url   path: 'angular/http@2.0.0',
30 verbose parsed url   href: 'angular/http@2.0.0' }
31 verbose cache add name="angular/http" spec="2.0.0" args=["angular/http","2.0.0"]
32 verbose parsed url { protocol: null,
32 verbose parsed url   slashes: null,
32 verbose parsed url   auth: null,
32 verbose parsed url   host: null,
32 verbose parsed url   port: null,
32 verbose parsed url   hostname: null,
32 verbose parsed url   hash: null,
32 verbose parsed url   search: null,
32 verbose parsed url   query: null,
32 verbose parsed url   pathname: '2.0.0',
32 verbose parsed url   path: '2.0.0',
32 verbose parsed url   href: '2.0.0' }
33 verbose addNamed [ 'angular/http', '2.0.0' ]
34 verbose addNamed [ '2.0.0', '2.0.0' ]
35 verbose cache add [ '@angular/platform-browser@2.0.0', null ]
36 verbose cache add name=undefined spec="@angular/platform-browser@2.0.0" args=["@angular/platform-browser@2.0.0",null]
37 verbose parsed url { protocol: null,
37 verbose parsed url   slashes: null,
37 verbose parsed url   auth: null,
37 verbose parsed url   host: null,
37 verbose parsed url   port: null,
37 verbose parsed url   hostname: null,
37 verbose parsed url   hash: null,
37 verbose parsed url   search: null,
37 verbose parsed url   query: null,
37 verbose parsed url   pathname: '@angular/platform-browser@2.0.0',
37 verbose parsed url   path: '@angular/platform-browser@2.0.0',
37 verbose parsed url   href: '@angular/platform-browser@2.0.0' }
38 verbose cache add name="" spec="angular/platform-browser@2.0.0" args=["","angular/platform-browser@2.0.0"]
39 verbose parsed url { protocol: null,
39 verbose parsed url   slashes: null,
39 verbose parsed url   auth: null,
39 verbose parsed url   host: null,
39 verbose parsed url   port: null,
39 verbose parsed url   hostname: null,
39 verbose parsed url   hash: null,
39 verbose parsed url   search: null,
39 verbose parsed url   query: null,
39 verbose parsed url   pathname: 'angular/platform-browser@2.0.0',
39 verbose parsed url   path: 'angular/platform-browser@2.0.0',
39 verbose parsed url   href: 'angular/platform-browser@2.0.0' }
40 verbose cache add name="angular/platform-browser" spec="2.0.0" args=["angular/platform-browser","2.0.0"]
41 verbose parsed url { protocol: null,
41 verbose parsed url   slashes: null,
41 verbose parsed url   auth: null,
41 verbose parsed url   host: null,
41 verbose parsed url   port: null,
41 verbose parsed url   hostname: null,
41 verbose parsed url   hash: null,
41 verbose parsed url   search: null,
41 verbose parsed url   query: null,
41 verbose parsed url   pathname: '2.0.0',
41 verbose parsed url   path: '2.0.0',
41 verbose parsed url   href: '2.0.0' }
42 verbose addNamed [ 'angular/platform-browser', '2.0.0' ]
43 verbose addNamed [ '2.0.0', '2.0.0' ]
44 silly lockFile c16ff788-angular-platform-browser-2-0-0 angular/platform-browser@2.0.0
45 verbose lock angular/platform-browser@2.0.0 /home/jean/.npm/c16ff788-angular-platform-browser-2-0-0.lock
46 verbose cache add [ '@angular/platform-browser-dynamic@2.0.0', null ]
47 verbose cache add name=undefined spec="@angular/platform-browser-dynamic@2.0.0" args=["@angular/platform-browser-dynamic@2.0.0",null]
48 verbose parsed url { protocol: null,
48 verbose parsed url   slashes: null,
48 verbose parsed url   auth: null,
48 verbose parsed url   host: null,
48 verbose parsed url   port: null,
48 verbose parsed url   hostname: null,
48 verbose parsed url   hash: null,
48 verbose parsed url   search: null,
48 verbose parsed url   query: null,
48 verbose parsed url   pathname: '@angular/platform-browser-dynamic@2.0.0',
48 verbose parsed url   path: '@angular/platform-browser-dynamic@2.0.0',
48 verbose parsed url   href: '@angular/platform-browser-dynamic@2.0.0' }
49 verbose cache add name="" spec="angular/platform-browser-dynamic@2.0.0" args=["","angular/platform-browser-dynamic@2.0.0"]
50 verbose parsed url { protocol: null,
50 verbose parsed url   slashes: null,
50 verbose parsed url   auth: null,
50 verbose parsed url   host: null,
50 verbose parsed url   port: null,
50 verbose parsed url   hostname: null,
50 verbose parsed url   hash: null,
50 verbose parsed url   search: null,
50 verbose parsed url   query: null,
50 verbose parsed url   pathname: 'angular/platform-browser-dynamic@2.0.0',
50 verbose parsed url   path: 'angular/platform-browser-dynamic@2.0.0',
50 verbose parsed url   href: 'angular/platform-browser-dynamic@2.0.0' }
51 verbose cache add name="angular/platform-browser-dynamic" spec="2.0.0" args=["angular/platform-browser-dynamic","2.0.0"]
52 verbose parsed url { protocol: null,
52 verbose parsed url   slashes: null,
52 verbose parsed url   auth: null,
52 verbose parsed url   host: null,
52 verbose parsed url   port: null,
52 verbose parsed url   hostname: null,
52 verbose parsed url   hash: null,
52 verbose parsed url   search: null,
52 verbose parsed url   query: null,
52 verbose parsed url   pathname: '2.0.0',
52 verbose parsed url   path: '2.0.0',
52 verbose parsed url   href: '2.0.0' }
53 verbose addNamed [ 'angular/platform-browser-dynamic', '2.0.0' ]
54 verbose addNamed [ '2.0.0', '2.0.0' ]
55 silly lockFile feea2851-r-platform-browser-dynamic-2-0-0 angular/platform-browser-dynamic@2.0.0
56 verbose lock angular/platform-browser-dynamic@2.0.0 /home/jean/.npm/feea2851-r-platform-browser-dynamic-2-0-0.lock
57 verbose cache add [ '@angular/router@3.0.0', null ]
58 verbose cache add name=undefined spec="@angular/router@3.0.0" args=["@angular/router@3.0.0",null]
59 verbose parsed url { protocol: null,
59 verbose parsed url   slashes: null,
59 verbose parsed url   auth: null,
59 verbose parsed url   host: null,
59 verbose parsed url   port: null,
59 verbose parsed url   hostname: null,
59 verbose parsed url   hash: null,
59 verbose parsed url   search: null,
59 verbose parsed url   query: null,
59 verbose parsed url   pathname: '@angular/router@3.0.0',
59 verbose parsed url   path: '@angular/router@3.0.0',
59 verbose parsed url   href: '@angular/router@3.0.0' }
60 verbose cache add name="" spec="angular/router@3.0.0" args=["","angular/router@3.0.0"]
61 verbose parsed url { protocol: null,
61 verbose parsed url   slashes: null,
61 verbose parsed url   auth: null,
61 verbose parsed url   host: null,
61 verbose parsed url   port: null,
61 verbose parsed url   hostname: null,
61 verbose parsed url   hash: null,
61 verbose parsed url   search: null,
61 verbose parsed url   query: null,
61 verbose parsed url   pathname: 'angular/router@3.0.0',
61 verbose parsed url   path: 'angular/router@3.0.0',
61 verbose parsed url   href: 'angular/router@3.0.0' }
62 verbose cache add name="angular/router" spec="3.0.0" args=["angular/router","3.0.0"]
63 verbose parsed url { protocol: null,
63 verbose parsed url   slashes: null,
63 verbose parsed url   auth: null,
63 verbose parsed url   host: null,
63 verbose parsed url   port: null,
63 verbose parsed url   hostname: null,
63 verbose parsed url   hash: null,
63 verbose parsed url   search: null,
63 verbose parsed url   query: null,
63 verbose parsed url   pathname: '3.0.0',
63 verbose parsed url   path: '3.0.0',
63 verbose parsed url   href: '3.0.0' }
64 verbose addNamed [ 'angular/router', '3.0.0' ]
65 verbose addNamed [ '3.0.0', '3.0.0' ]
66 silly lockFile 72aca4b2-angular-router-3-0-0 angular/router@3.0.0
67 verbose lock angular/router@3.0.0 /home/jean/.npm/72aca4b2-angular-router-3-0-0.lock
68 verbose cache add [ 'core-js@^2.4.1', null ]
69 verbose cache add name=undefined spec="core-js@^2.4.1" args=["core-js@^2.4.1",null]
70 verbose parsed url { protocol: null,
70 verbose parsed url   slashes: null,
70 verbose parsed url   auth: null,
70 verbose parsed url   host: null,
70 verbose parsed url   port: null,
70 verbose parsed url   hostname: null,
70 verbose parsed url   hash: null,
70 verbose parsed url   search: null,
70 verbose parsed url   query: null,
70 verbose parsed url   pathname: 'core-js@^2.4.1',
70 verbose parsed url   path: 'core-js@^2.4.1',
70 verbose parsed url   href: 'core-js@^2.4.1' }
71 verbose cache add name="core-js" spec="^2.4.1" args=["core-js","^2.4.1"]
72 verbose parsed url { protocol: null,
72 verbose parsed url   slashes: null,
72 verbose parsed url   auth: null,
72 verbose parsed url   host: null,
72 verbose parsed url   port: null,
72 verbose parsed url   hostname: null,
72 verbose parsed url   hash: null,
72 verbose parsed url   search: null,
72 verbose parsed url   query: null,
72 verbose parsed url   pathname: '^2.4.1',
72 verbose parsed url   path: '^2.4.1',
72 verbose parsed url   href: '^2.4.1' }
73 verbose addNamed [ 'core-js', '^2.4.1' ]
74 verbose addNamed [ null, '>=2.4.1-0 <3.0.0-0' ]
75 silly lockFile a299e77f-core-js-2-4-1 core-js@^2.4.1
76 verbose lock core-js@^2.4.1 /home/jean/.npm/a299e77f-core-js-2-4-1.lock
77 verbose cache add [ 'reflect-metadata@^0.1.3', null ]
78 verbose cache add name=undefined spec="reflect-metadata@^0.1.3" args=["reflect-metadata@^0.1.3",null]
79 verbose parsed url { protocol: null,
79 verbose parsed url   slashes: null,
79 verbose parsed url   auth: null,
79 verbose parsed url   host: null,
79 verbose parsed url   port: null,
79 verbose parsed url   hostname: null,
79 verbose parsed url   hash: null,
79 verbose parsed url   search: null,
79 verbose parsed url   query: null,
79 verbose parsed url   pathname: 'reflect-metadata@^0.1.3',
79 verbose parsed url   path: 'reflect-metadata@^0.1.3',
79 verbose parsed url   href: 'reflect-metadata@^0.1.3' }
80 verbose cache add name="reflect-metadata" spec="^0.1.3" args=["reflect-metadata","^0.1.3"]
81 verbose parsed url { protocol: null,
81 verbose parsed url   slashes: null,
81 verbose parsed url   auth: null,
81 verbose parsed url   host: null,
81 verbose parsed url   port: null,
81 verbose parsed url   hostname: null,
81 verbose parsed url   hash: null,
81 verbose parsed url   search: null,
81 verbose parsed url   query: null,
81 verbose parsed url   pathname: '^0.1.3',
81 verbose parsed url   path: '^0.1.3',
81 verbose parsed url   href: '^0.1.3' }
82 verbose addNamed [ 'reflect-metadata', '^0.1.3' ]
83 verbose addNamed [ null, '>=0.1.3-0 <0.2.0-0' ]
84 silly lockFile e82b3467-reflect-metadata-0-1-3 reflect-metadata@^0.1.3
85 verbose lock reflect-metadata@^0.1.3 /home/jean/.npm/e82b3467-reflect-metadata-0-1-3.lock
86 verbose cache add [ 'rxjs@5.0.0-beta.12', null ]
87 verbose cache add name=undefined spec="rxjs@5.0.0-beta.12" args=["rxjs@5.0.0-beta.12",null]
88 verbose parsed url { protocol: null,
88 verbose parsed url   slashes: null,
88 verbose parsed url   auth: null,
88 verbose parsed url   host: null,
88 verbose parsed url   port: null,
88 verbose parsed url   hostname: null,
88 verbose parsed url   hash: null,
88 verbose parsed url   search: null,
88 verbose parsed url   query: null,
88 verbose parsed url   pathname: 'rxjs@5.0.0-beta.12',
88 verbose parsed url   path: 'rxjs@5.0.0-beta.12',
88 verbose parsed url   href: 'rxjs@5.0.0-beta.12' }
89 verbose cache add name="rxjs" spec="5.0.0-beta.12" args=["rxjs","5.0.0-beta.12"]
90 verbose parsed url { protocol: null,
90 verbose parsed url   slashes: null,
90 verbose parsed url   auth: null,
90 verbose parsed url   host: null,
90 verbose parsed url   port: null,
90 verbose parsed url   hostname: null,
90 verbose parsed url   hash: null,
90 verbose parsed url   search: null,
90 verbose parsed url   query: null,
90 verbose parsed url   pathname: '5.0.0-beta.12',
90 verbose parsed url   path: '5.0.0-beta.12',
90 verbose parsed url   href: '5.0.0-beta.12' }
91 verbose addNamed [ 'rxjs', '5.0.0-beta.12' ]
92 verbose addNamed [ '5.0.0-beta.12', '5.0.0-beta.12' ]
93 silly lockFile 4a2ee142-rxjs-5-0-0-beta-12 rxjs@5.0.0-beta.12
94 verbose lock rxjs@5.0.0-beta.12 /home/jean/.npm/4a2ee142-rxjs-5-0-0-beta-12.lock
95 verbose cache add [ 'systemjs@0.19.27', null ]
96 verbose cache add name=undefined spec="systemjs@0.19.27" args=["systemjs@0.19.27",null]
97 verbose parsed url { protocol: null,
97 verbose parsed url   slashes: null,
97 verbose parsed url   auth: null,
97 verbose parsed url   host: null,
97 verbose parsed url   port: null,
97 verbose parsed url   hostname: null,
97 verbose parsed url   hash: null,
97 verbose parsed url   search: null,
97 verbose parsed url   query: null,
97 verbose parsed url   pathname: 'systemjs@0.19.27',
97 verbose parsed url   path: 'systemjs@0.19.27',
97 verbose parsed url   href: 'systemjs@0.19.27' }
98 verbose cache add name="systemjs" spec="0.19.27" args=["systemjs","0.19.27"]
99 verbose parsed url { protocol: null,
99 verbose parsed url   slashes: null,
99 verbose parsed url   auth: null,
99 verbose parsed url   host: null,
99 verbose parsed url   port: null,
99 verbose parsed url   hostname: null,
99 verbose parsed url   hash: null,
99 verbose parsed url   search: null,
99 verbose parsed url   query: null,
99 verbose parsed url   pathname: '0.19.27',
99 verbose parsed url   path: '0.19.27',
99 verbose parsed url   href: '0.19.27' }
100 verbose addNamed [ 'systemjs', '0.19.27' ]
101 verbose addNamed [ '0.19.27', '0.19.27' ]
102 silly lockFile 2ad76a57-systemjs-0-19-27 systemjs@0.19.27
103 verbose lock systemjs@0.19.27 /home/jean/.npm/2ad76a57-systemjs-0-19-27.lock
104 verbose cache add [ 'zone.js@^0.6.23', null ]
105 verbose cache add name=undefined spec="zone.js@^0.6.23" args=["zone.js@^0.6.23",null]
106 verbose parsed url { protocol: null,
106 verbose parsed url   slashes: null,
106 verbose parsed url   auth: null,
106 verbose parsed url   host: null,
106 verbose parsed url   port: null,
106 verbose parsed url   hostname: null,
106 verbose parsed url   hash: null,
106 verbose parsed url   search: null,
106 verbose parsed url   query: null,
106 verbose parsed url   pathname: 'zone.js@^0.6.23',
106 verbose parsed url   path: 'zone.js@^0.6.23',
106 verbose parsed url   href: 'zone.js@^0.6.23' }
107 verbose cache add name="zone.js" spec="^0.6.23" args=["zone.js","^0.6.23"]
108 verbose parsed url { protocol: null,
108 verbose parsed url   slashes: null,
108 verbose parsed url   auth: null,
108 verbose parsed url   host: null,
108 verbose parsed url   port: null,
108 verbose parsed url   hostname: null,
108 verbose parsed url   hash: null,
108 verbose parsed url   search: null,
108 verbose parsed url   query: null,
108 verbose parsed url   pathname: '^0.6.23',
108 verbose parsed url   path: '^0.6.23',
108 verbose parsed url   href: '^0.6.23' }
109 verbose addNamed [ 'zone.js', '^0.6.23' ]
110 verbose addNamed [ null, '>=0.6.23-0 <0.7.0-0' ]
111 silly lockFile 4213c557-zone-js-0-6-23 zone.js@^0.6.23
112 verbose lock zone.js@^0.6.23 /home/jean/.npm/4213c557-zone-js-0-6-23.lock
113 verbose cache add [ 'bootstrap@^3.3.6', null ]
114 verbose cache add name=undefined spec="bootstrap@^3.3.6" args=["bootstrap@^3.3.6",null]
115 verbose parsed url { protocol: null,
115 verbose parsed url   slashes: null,
115 verbose parsed url   auth: null,
115 verbose parsed url   host: null,
115 verbose parsed url   port: null,
115 verbose parsed url   hostname: null,
115 verbose parsed url   hash: null,
115 verbose parsed url   search: null,
115 verbose parsed url   query: null,
115 verbose parsed url   pathname: 'bootstrap@^3.3.6',
115 verbose parsed url   path: 'bootstrap@^3.3.6',
115 verbose parsed url   href: 'bootstrap@^3.3.6' }
116 verbose cache add name="bootstrap" spec="^3.3.6" args=["bootstrap","^3.3.6"]
117 verbose parsed url { protocol: null,
117 verbose parsed url   slashes: null,
117 verbose parsed url   auth: null,
117 verbose parsed url   host: null,
117 verbose parsed url   port: null,
117 verbose parsed url   hostname: null,
117 verbose parsed url   hash: null,
117 verbose parsed url   search: null,
117 verbose parsed url   query: null,
117 verbose parsed url   pathname: '^3.3.6',
117 verbose parsed url   path: '^3.3.6',
117 verbose parsed url   href: '^3.3.6' }
118 verbose addNamed [ 'bootstrap', '^3.3.6' ]
119 verbose addNamed [ null, '>=3.3.6-0 <4.0.0-0' ]
120 silly lockFile 2b45a5a4-bootstrap-3-3-6 bootstrap@^3.3.6
121 verbose lock bootstrap@^3.3.6 /home/jean/.npm/2b45a5a4-bootstrap-3-3-6.lock
122 verbose cache add [ 'concurrently@^2.2.0', null ]
123 verbose cache add name=undefined spec="concurrently@^2.2.0" args=["concurrently@^2.2.0",null]
124 verbose parsed url { protocol: null,
124 verbose parsed url   slashes: null,
124 verbose parsed url   auth: null,
124 verbose parsed url   host: null,
124 verbose parsed url   port: null,
124 verbose parsed url   hostname: null,
124 verbose parsed url   hash: null,
124 verbose parsed url   search: null,
124 verbose parsed url   query: null,
124 verbose parsed url   pathname: 'concurrently@^2.2.0',
124 verbose parsed url   path: 'concurrently@^2.2.0',
124 verbose parsed url   href: 'concurrently@^2.2.0' }
125 verbose cache add name="concurrently" spec="^2.2.0" args=["concurrently","^2.2.0"]
126 verbose parsed url { protocol: null,
126 verbose parsed url   slashes: null,
126 verbose parsed url   auth: null,
126 verbose parsed url   host: null,
126 verbose parsed url   port: null,
126 verbose parsed url   hostname: null,
126 verbose parsed url   hash: null,
126 verbose parsed url   search: null,
126 verbose parsed url   query: null,
126 verbose parsed url   pathname: '^2.2.0',
126 verbose parsed url   path: '^2.2.0',
126 verbose parsed url   href: '^2.2.0' }
127 verbose addNamed [ 'concurrently', '^2.2.0' ]
128 verbose addNamed [ null, '>=2.2.0-0 <3.0.0-0' ]
129 silly lockFile 930219fa-concurrently-2-2-0 concurrently@^2.2.0
130 verbose lock concurrently@^2.2.0 /home/jean/.npm/930219fa-concurrently-2-2-0.lock
131 silly lockFile 547a9a62-angular-forms-2-0-0 angular/forms@2.0.0
132 verbose lock angular/forms@2.0.0 /home/jean/.npm/547a9a62-angular-forms-2-0-0.lock
133 silly addNameRange { name: 'core-js', range: '>=2.4.1-0 <3.0.0-0', hasData: false }
134 verbose cache add [ 'lite-server@^2.2.0', null ]
135 verbose cache add name=undefined spec="lite-server@^2.2.0" args=["lite-server@^2.2.0",null]
136 verbose parsed url { protocol: null,
136 verbose parsed url   slashes: null,
136 verbose parsed url   auth: null,
136 verbose parsed url   host: null,
136 verbose parsed url   port: null,
136 verbose parsed url   hostname: null,
136 verbose parsed url   hash: null,
136 verbose parsed url   search: null,
136 verbose parsed url   query: null,
136 verbose parsed url   pathname: 'lite-server@^2.2.0',
136 verbose parsed url   path: 'lite-server@^2.2.0',
136 verbose parsed url   href: 'lite-server@^2.2.0' }
137 verbose cache add name="lite-server" spec="^2.2.0" args=["lite-server","^2.2.0"]
138 verbose parsed url { protocol: null,
138 verbose parsed url   slashes: null,
138 verbose parsed url   auth: null,
138 verbose parsed url   host: null,
138 verbose parsed url   port: null,
138 verbose parsed url   hostname: null,
138 verbose parsed url   hash: null,
138 verbose parsed url   search: null,
138 verbose parsed url   query: null,
138 verbose parsed url   pathname: '^2.2.0',
138 verbose parsed url   path: '^2.2.0',
138 verbose parsed url   href: '^2.2.0' }
139 verbose addNamed [ 'lite-server', '^2.2.0' ]
140 verbose addNamed [ null, '>=2.2.0-0 <3.0.0-0' ]
141 silly lockFile 492ac1bf-lite-server-2-2-0 lite-server@^2.2.0
142 verbose lock lite-server@^2.2.0 /home/jean/.npm/492ac1bf-lite-server-2-2-0.lock
143 verbose cache add [ 'tslint@^3.7.4', null ]
144 verbose cache add name=undefined spec="tslint@^3.7.4" args=["tslint@^3.7.4",null]
145 verbose parsed url { protocol: null,
145 verbose parsed url   slashes: null,
145 verbose parsed url   auth: null,
145 verbose parsed url   host: null,
145 verbose parsed url   port: null,
145 verbose parsed url   hostname: null,
145 verbose parsed url   hash: null,
145 verbose parsed url   search: null,
145 verbose parsed url   query: null,
145 verbose parsed url   pathname: 'tslint@^3.7.4',
145 verbose parsed url   path: 'tslint@^3.7.4',
145 verbose parsed url   href: 'tslint@^3.7.4' }
146 verbose cache add name="tslint" spec="^3.7.4" args=["tslint","^3.7.4"]
147 verbose parsed url { protocol: null,
147 verbose parsed url   slashes: null,
147 verbose parsed url   auth: null,
147 verbose parsed url   host: null,
147 verbose parsed url   port: null,
147 verbose parsed url   hostname: null,
147 verbose parsed url   hash: null,
147 verbose parsed url   search: null,
147 verbose parsed url   query: null,
147 verbose parsed url   pathname: '^3.7.4',
147 verbose parsed url   path: '^3.7.4',
147 verbose parsed url   href: '^3.7.4' }
148 verbose addNamed [ 'tslint', '^3.7.4' ]
149 verbose addNamed [ null, '>=3.7.4-0 <4.0.0-0' ]
150 silly lockFile 2d2eaaa3-tslint-3-7-4 tslint@^3.7.4
151 verbose lock tslint@^3.7.4 /home/jean/.npm/2d2eaaa3-tslint-3-7-4.lock
152 verbose cache add [ 'typescript@^2.0.2', null ]
153 verbose cache add name=undefined spec="typescript@^2.0.2" args=["typescript@^2.0.2",null]
154 verbose parsed url { protocol: null,
154 verbose parsed url   slashes: null,
154 verbose parsed url   auth: null,
154 verbose parsed url   host: null,
154 verbose parsed url   port: null,
154 verbose parsed url   hostname: null,
154 verbose parsed url   hash: null,
154 verbose parsed url   search: null,
154 verbose parsed url   query: null,
154 verbose parsed url   pathname: 'typescript@^2.0.2',
154 verbose parsed url   path: 'typescript@^2.0.2',
154 verbose parsed url   href: 'typescript@^2.0.2' }
155 verbose cache add name="typescript" spec="^2.0.2" args=["typescript","^2.0.2"]
156 verbose parsed url { protocol: null,
156 verbose parsed url   slashes: null,
156 verbose parsed url   auth: null,
156 verbose parsed url   host: null,
156 verbose parsed url   port: null,
156 verbose parsed url   hostname: null,
156 verbose parsed url   hash: null,
156 verbose parsed url   search: null,
156 verbose parsed url   query: null,
156 verbose parsed url   pathname: '^2.0.2',
156 verbose parsed url   path: '^2.0.2',
156 verbose parsed url   href: '^2.0.2' }
157 verbose addNamed [ 'typescript', '^2.0.2' ]
158 verbose addNamed [ null, '>=2.0.2-0 <3.0.0-0' ]
159 silly lockFile c17b79be-typescript-2-0-2 typescript@^2.0.2
160 verbose lock typescript@^2.0.2 /home/jean/.npm/c17b79be-typescript-2-0-2.lock
161 verbose cache add [ 'typings@^1.0.4', null ]
162 verbose cache add name=undefined spec="typings@^1.0.4" args=["typings@^1.0.4",null]
163 verbose parsed url { protocol: null,
163 verbose parsed url   slashes: null,
163 verbose parsed url   auth: null,
163 verbose parsed url   host: null,
163 verbose parsed url   port: null,
163 verbose parsed url   hostname: null,
163 verbose parsed url   hash: null,
163 verbose parsed url   search: null,
163 verbose parsed url   query: null,
163 verbose parsed url   pathname: 'typings@^1.0.4',
163 verbose parsed url   path: 'typings@^1.0.4',
163 verbose parsed url   href: 'typings@^1.0.4' }
164 verbose cache add name="typings" spec="^1.0.4" args=["typings","^1.0.4"]
165 verbose parsed url { protocol: null,
165 verbose parsed url   slashes: null,
165 verbose parsed url   auth: null,
165 verbose parsed url   host: null,
165 verbose parsed url   port: null,
165 verbose parsed url   hostname: null,
165 verbose parsed url   hash: null,
165 verbose parsed url   search: null,
165 verbose parsed url   query: null,
165 verbose parsed url   pathname: '^1.0.4',
165 verbose parsed url   path: '^1.0.4',
165 verbose parsed url   href: '^1.0.4' }
166 verbose addNamed [ 'typings', '^1.0.4' ]
167 verbose addNamed [ null, '>=1.0.4-0 <2.0.0-0' ]
168 silly lockFile 54ab8877-typings-1-0-4 typings@^1.0.4
169 verbose lock typings@^1.0.4 /home/jean/.npm/54ab8877-typings-1-0-4.lock
170 silly addNameRange { name: 'reflect-metadata',
170 silly addNameRange   range: '>=0.1.3-0 <0.2.0-0',
170 silly addNameRange   hasData: false }
171 silly lockFile dd755930-angular-http-2-0-0 angular/http@2.0.0
172 verbose lock angular/http@2.0.0 /home/jean/.npm/dd755930-angular-http-2-0-0.lock
173 verbose url raw angular/platform-browser/2.0.0
174 verbose url resolving [ 'https://registry.npmjs.org/',
174 verbose url resolving   './angular/platform-browser/2.0.0' ]
175 verbose url resolved https://registry.npmjs.org/angular/platform-browser/2.0.0
176 info trying registry request attempt 1 at 15:14:52
177 http GET https://registry.npmjs.org/angular/platform-browser/2.0.0
178 verbose url raw angular/platform-browser-dynamic/2.0.0
179 verbose url resolving [ 'https://registry.npmjs.org/',
179 verbose url resolving   './angular/platform-browser-dynamic/2.0.0' ]
180 verbose url resolved https://registry.npmjs.org/angular/platform-browser-dynamic/2.0.0
181 info trying registry request attempt 1 at 15:14:52
182 http GET https://registry.npmjs.org/angular/platform-browser-dynamic/2.0.0
183 verbose url raw angular/router/3.0.0
184 verbose url resolving [ 'https://registry.npmjs.org/', './angular/router/3.0.0' ]
185 verbose url resolved https://registry.npmjs.org/angular/router/3.0.0
186 info trying registry request attempt 1 at 15:14:52
187 http GET https://registry.npmjs.org/angular/router/3.0.0
188 verbose url raw core-js
189 verbose url resolving [ 'https://registry.npmjs.org/', './core-js' ]
190 verbose url resolved https://registry.npmjs.org/core-js
191 info trying registry request attempt 1 at 15:14:52
192 http GET https://registry.npmjs.org/core-js
193 silly addNameRange { name: 'zone.js', range: '>=0.6.23-0 <0.7.0-0', hasData: false }
194 silly addNameRange { name: 'bootstrap',
194 silly addNameRange   range: '>=3.3.6-0 <4.0.0-0',
194 silly addNameRange   hasData: false }
195 verbose cache add [ '@angular/common@2.0.0', null ]
196 verbose cache add name=undefined spec="@angular/common@2.0.0" args=["@angular/common@2.0.0",null]
197 verbose parsed url { protocol: null,
197 verbose parsed url   slashes: null,
197 verbose parsed url   auth: null,
197 verbose parsed url   host: null,
197 verbose parsed url   port: null,
197 verbose parsed url   hostname: null,
197 verbose parsed url   hash: null,
197 verbose parsed url   search: null,
197 verbose parsed url   query: null,
197 verbose parsed url   pathname: '@angular/common@2.0.0',
197 verbose parsed url   path: '@angular/common@2.0.0',
197 verbose parsed url   href: '@angular/common@2.0.0' }
198 verbose cache add name="" spec="angular/common@2.0.0" args=["","angular/common@2.0.0"]
199 verbose parsed url { protocol: null,
199 verbose parsed url   slashes: null,
199 verbose parsed url   auth: null,
199 verbose parsed url   host: null,
199 verbose parsed url   port: null,
199 verbose parsed url   hostname: null,
199 verbose parsed url   hash: null,
199 verbose parsed url   search: null,
199 verbose parsed url   query: null,
199 verbose parsed url   pathname: 'angular/common@2.0.0',
199 verbose parsed url   path: 'angular/common@2.0.0',
199 verbose parsed url   href: 'angular/common@2.0.0' }
200 verbose cache add name="angular/common" spec="2.0.0" args=["angular/common","2.0.0"]
201 verbose parsed url { protocol: null,
201 verbose parsed url   slashes: null,
201 verbose parsed url   auth: null,
201 verbose parsed url   host: null,
201 verbose parsed url   port: null,
201 verbose parsed url   hostname: null,
201 verbose parsed url   hash: null,
201 verbose parsed url   search: null,
201 verbose parsed url   query: null,
201 verbose parsed url   pathname: '2.0.0',
201 verbose parsed url   path: '2.0.0',
201 verbose parsed url   href: '2.0.0' }
202 verbose addNamed [ 'angular/common', '2.0.0' ]
203 verbose addNamed [ '2.0.0', '2.0.0' ]
204 silly lockFile 0e3d6c46-angular-common-2-0-0 angular/common@2.0.0
205 verbose lock angular/common@2.0.0 /home/jean/.npm/0e3d6c46-angular-common-2-0-0.lock
206 verbose cache add [ '@angular/compiler@2.0.0', null ]
207 verbose cache add name=undefined spec="@angular/compiler@2.0.0" args=["@angular/compiler@2.0.0",null]
208 verbose parsed url { protocol: null,
208 verbose parsed url   slashes: null,
208 verbose parsed url   auth: null,
208 verbose parsed url   host: null,
208 verbose parsed url   port: null,
208 verbose parsed url   hostname: null,
208 verbose parsed url   hash: null,
208 verbose parsed url   search: null,
208 verbose parsed url   query: null,
208 verbose parsed url   pathname: '@angular/compiler@2.0.0',
208 verbose parsed url   path: '@angular/compiler@2.0.0',
208 verbose parsed url   href: '@angular/compiler@2.0.0' }
209 verbose cache add name="" spec="angular/compiler@2.0.0" args=["","angular/compiler@2.0.0"]
210 verbose parsed url { protocol: null,
210 verbose parsed url   slashes: null,
210 verbose parsed url   auth: null,
210 verbose parsed url   host: null,
210 verbose parsed url   port: null,
210 verbose parsed url   hostname: null,
210 verbose parsed url   hash: null,
210 verbose parsed url   search: null,
210 verbose parsed url   query: null,
210 verbose parsed url   pathname: 'angular/compiler@2.0.0',
210 verbose parsed url   path: 'angular/compiler@2.0.0',
210 verbose parsed url   href: 'angular/compiler@2.0.0' }
211 verbose cache add name="angular/compiler" spec="2.0.0" args=["angular/compiler","2.0.0"]
212 verbose parsed url { protocol: null,
212 verbose parsed url   slashes: null,
212 verbose parsed url   auth: null,
212 verbose parsed url   host: null,
212 verbose parsed url   port: null,
212 verbose parsed url   hostname: null,
212 verbose parsed url   hash: null,
212 verbose parsed url   search: null,
212 verbose parsed url   query: null,
212 verbose parsed url   pathname: '2.0.0',
212 verbose parsed url   path: '2.0.0',
212 verbose parsed url   href: '2.0.0' }
213 verbose addNamed [ 'angular/compiler', '2.0.0' ]
214 verbose addNamed [ '2.0.0', '2.0.0' ]
215 silly lockFile 770c3c92-angular-compiler-2-0-0 angular/compiler@2.0.0
216 verbose lock angular/compiler@2.0.0 /home/jean/.npm/770c3c92-angular-compiler-2-0-0.lock
217 verbose url raw reflect-metadata
218 verbose url resolving [ 'https://registry.npmjs.org/', './reflect-metadata' ]
219 verbose url resolved https://registry.npmjs.org/reflect-metadata
220 info trying registry request attempt 1 at 15:14:52
221 http GET https://registry.npmjs.org/reflect-metadata
222 silly addNameRange { name: 'concurrently',
222 silly addNameRange   range: '>=2.2.0-0 <3.0.0-0',
222 silly addNameRange   hasData: false }
223 verbose url raw rxjs/5.0.0-beta.12
224 verbose url resolving [ 'https://registry.npmjs.org/', './rxjs/5.0.0-beta.12' ]
225 verbose url resolved https://registry.npmjs.org/rxjs/5.0.0-beta.12
226 info trying registry request attempt 1 at 15:14:52
227 http GET https://registry.npmjs.org/rxjs/5.0.0-beta.12
228 verbose url raw systemjs/0.19.27
229 verbose url resolving [ 'https://registry.npmjs.org/', './systemjs/0.19.27' ]
230 verbose url resolved https://registry.npmjs.org/systemjs/0.19.27
231 info trying registry request attempt 1 at 15:14:52
232 http GET https://registry.npmjs.org/systemjs/0.19.27
233 verbose url raw zone.js
234 verbose url resolving [ 'https://registry.npmjs.org/', './zone.js' ]
235 verbose url resolved https://registry.npmjs.org/zone.js
236 info trying registry request attempt 1 at 15:14:52
237 http GET https://registry.npmjs.org/zone.js
238 verbose url raw bootstrap
239 verbose url resolving [ 'https://registry.npmjs.org/', './bootstrap' ]
240 verbose url resolved https://registry.npmjs.org/bootstrap
241 info trying registry request attempt 1 at 15:14:52
242 http GET https://registry.npmjs.org/bootstrap
243 silly addNameRange { name: 'lite-server',
243 silly addNameRange   range: '>=2.2.0-0 <3.0.0-0',
243 silly addNameRange   hasData: false }
244 silly addNameRange { name: 'typescript',
244 silly addNameRange   range: '>=2.0.2-0 <3.0.0-0',
244 silly addNameRange   hasData: false }
245 silly addNameRange { name: 'tslint', range: '>=3.7.4-0 <4.0.0-0', hasData: false }
246 silly addNameRange { name: 'typings', range: '>=1.0.4-0 <2.0.0-0', hasData: false }
247 verbose url raw concurrently
248 verbose url resolving [ 'https://registry.npmjs.org/', './concurrently' ]
249 verbose url resolved https://registry.npmjs.org/concurrently
250 info trying registry request attempt 1 at 15:14:52
251 http GET https://registry.npmjs.org/concurrently
252 verbose url raw angular/forms/2.0.0
253 verbose url resolving [ 'https://registry.npmjs.org/', './angular/forms/2.0.0' ]
254 verbose url resolved https://registry.npmjs.org/angular/forms/2.0.0
255 info trying registry request attempt 1 at 15:14:52
256 http GET https://registry.npmjs.org/angular/forms/2.0.0
257 silly lockFile b9bc72b6-angular-core-2-0-0 angular/core@2.0.0
258 verbose lock angular/core@2.0.0 /home/jean/.npm/b9bc72b6-angular-core-2-0-0.lock
259 verbose url raw lite-server
260 verbose url resolving [ 'https://registry.npmjs.org/', './lite-server' ]
261 verbose url resolved https://registry.npmjs.org/lite-server
262 info trying registry request attempt 1 at 15:14:52
263 http GET https://registry.npmjs.org/lite-server
264 verbose url raw typescript
265 verbose url resolving [ 'https://registry.npmjs.org/', './typescript' ]
266 verbose url resolved https://registry.npmjs.org/typescript
267 info trying registry request attempt 1 at 15:14:52
268 http GET https://registry.npmjs.org/typescript
269 verbose url raw tslint
270 verbose url resolving [ 'https://registry.npmjs.org/', './tslint' ]
271 verbose url resolved https://registry.npmjs.org/tslint
272 info trying registry request attempt 1 at 15:14:52
273 http GET https://registry.npmjs.org/tslint
274 verbose url raw typings
275 verbose url resolving [ 'https://registry.npmjs.org/', './typings' ]
276 verbose url resolved https://registry.npmjs.org/typings
277 info trying registry request attempt 1 at 15:14:52
278 http GET https://registry.npmjs.org/typings
279 verbose url raw angular/http/2.0.0
280 verbose url resolving [ 'https://registry.npmjs.org/', './angular/http/2.0.0' ]
281 verbose url resolved https://registry.npmjs.org/angular/http/2.0.0
282 info trying registry request attempt 1 at 15:14:52
283 http GET https://registry.npmjs.org/angular/http/2.0.0
284 verbose url raw angular/common/2.0.0
285 verbose url resolving [ 'https://registry.npmjs.org/', './angular/common/2.0.0' ]
286 verbose url resolved https://registry.npmjs.org/angular/common/2.0.0
287 info trying registry request attempt 1 at 15:14:52
288 http GET https://registry.npmjs.org/angular/common/2.0.0
289 verbose url raw angular/compiler/2.0.0
290 verbose url resolving [ 'https://registry.npmjs.org/', './angular/compiler/2.0.0' ]
291 verbose url resolved https://registry.npmjs.org/angular/compiler/2.0.0
292 info trying registry request attempt 1 at 15:14:52
293 http GET https://registry.npmjs.org/angular/compiler/2.0.0
294 verbose url raw angular/core/2.0.0
295 verbose url resolving [ 'https://registry.npmjs.org/', './angular/core/2.0.0' ]
296 verbose url resolved https://registry.npmjs.org/angular/core/2.0.0
297 info trying registry request attempt 1 at 15:14:52
298 http GET https://registry.npmjs.org/angular/core/2.0.0
299 http 200 https://registry.npmjs.org/reflect-metadata
300 silly registry.get cb [ 200,
300 silly registry.get   { server: 'nginx/1.10.1',
300 silly registry.get     'content-type': 'application/json',
300 silly registry.get     'last-modified': 'Sun, 06 Nov 2016 05:54:43 GMT',
300 silly registry.get     etag: '"581ec5a3-6346"',
300 silly registry.get     'cache-control': 'max-age=300',
300 silly registry.get     'content-length': '25414',
300 silly registry.get     'accept-ranges': 'bytes',
300 silly registry.get     date: 'Sat, 03 Dec 2016 14:14:51 GMT',
300 silly registry.get     via: '1.1 varnish',
300 silly registry.get     age: '81',
300 silly registry.get     connection: 'keep-alive',
300 silly registry.get     'x-served-by': 'cache-fra1232-FRA',
300 silly registry.get     'x-cache': 'HIT',
300 silly registry.get     'x-cache-hits': '1',
300 silly registry.get     'x-timer': 'S1480774491.605348,VS0,VE0',
300 silly registry.get     vary: 'Accept-Encoding' } ]
301 silly addNameRange number 2 { name: 'reflect-metadata',
301 silly addNameRange   range: '>=0.1.3-0 <0.2.0-0',
301 silly addNameRange   hasData: true }
302 silly addNameRange versions [ 'reflect-metadata',
302 silly addNameRange   [ '0.0.2',
302 silly addNameRange     '0.0.3',
302 silly addNameRange     '0.1.0',
302 silly addNameRange     '0.1.1',
302 silly addNameRange     '0.1.2',
302 silly addNameRange     '0.1.3',
302 silly addNameRange     '0.1.4',
302 silly addNameRange     '0.1.5',
302 silly addNameRange     '0.1.6',
302 silly addNameRange     '0.1.7',
302 silly addNameRange     '0.1.8' ] ]
303 verbose addNamed [ 'reflect-metadata', '0.1.8' ]
304 verbose addNamed [ '0.1.8', '0.1.8' ]
305 silly lockFile d7a72228-reflect-metadata-0-1-8 reflect-metadata@0.1.8
306 verbose lock reflect-metadata@0.1.8 /home/jean/.npm/d7a72228-reflect-metadata-0-1-8.lock
307 silly lockFile 0c6596c7-adata-reflect-metadata-0-1-8-tgz https://registry.npmjs.org/reflect-metadata/-/reflect-metadata-0.1.8.tgz
308 verbose lock https://registry.npmjs.org/reflect-metadata/-/reflect-metadata-0.1.8.tgz /home/jean/.npm/0c6596c7-adata-reflect-metadata-0-1-8-tgz.lock
309 verbose addRemoteTarball [ 'https://registry.npmjs.org/reflect-metadata/-/reflect-metadata-0.1.8.tgz',
309 verbose addRemoteTarball   '72426d570b60776e3688968bd5ab9537a15cecf6' ]
310 info retry fetch attempt 1 at 15:14:52
311 verbose fetch to= /home/jean/tmp/npm-8203-u8CQdTys/1480774492462-0.06281069410033524/tmp.tgz
312 http GET https://registry.npmjs.org/reflect-metadata/-/reflect-metadata-0.1.8.tgz
313 http 200 https://registry.npmjs.org/core-js
314 silly registry.get cb [ 200,
314 silly registry.get   { server: 'nginx/1.10.1',
314 silly registry.get     'content-type': 'application/json',
314 silly registry.get     'last-modified': 'Thu, 24 Nov 2016 03:49:50 GMT',
314 silly registry.get     etag: '"5836635e-387dc"',
314 silly registry.get     'cache-control': 'max-age=300',
314 silly registry.get     'content-length': '231388',
314 silly registry.get     'accept-ranges': 'bytes',
314 silly registry.get     date: 'Sat, 03 Dec 2016 14:14:51 GMT',
314 silly registry.get     via: '1.1 varnish',
314 silly registry.get     age: '0',
314 silly registry.get     connection: 'keep-alive',
314 silly registry.get     'x-served-by': 'cache-fra1231-FRA',
314 silly registry.get     'x-cache': 'HIT',
314 silly registry.get     'x-cache-hits': '1',
314 silly registry.get     'x-timer': 'S1480774491.571135,VS0,VE44',
314 silly registry.get     vary: 'Accept-Encoding' } ]
315 silly addNameRange number 2 { name: 'core-js', range: '>=2.4.1-0 <3.0.0-0', hasData: true }
316 silly addNameRange versions [ 'core-js',
316 silly addNameRange   [ '0.0.3',
316 silly addNameRange     '0.0.4',
316 silly addNameRange     '0.0.5',
316 silly addNameRange     '0.0.7',
316 silly addNameRange     '0.0.8',
316 silly addNameRange     '0.0.9',
316 silly addNameRange     '0.1.1',
316 silly addNameRange     '0.1.2',
316 silly addNameRange     '0.1.3',
316 silly addNameRange     '0.1.4',
316 silly addNameRange     '0.1.5',
316 silly addNameRange     '0.2.0',
316 silly addNameRange     '0.2.1',
316 silly addNameRange     '0.2.2',
316 silly addNameRange     '0.2.3',
316 silly addNameRange     '0.2.4',
316 silly addNameRange     '0.2.5',
316 silly addNameRange     '0.3.0',
316 silly addNameRange     '0.3.1',
316 silly addNameRange     '0.3.2',
316 silly addNameRange     '0.3.3',
316 silly addNameRange     '0.4.0',
316 silly addNameRange     '0.4.1',
316 silly addNameRange     '0.4.2',
316 silly addNameRange     '0.4.3',
316 silly addNameRange     '0.4.4',
316 silly addNameRange     '0.4.5',
316 silly addNameRange     '0.4.6',
316 silly addNameRange     '0.4.7',
316 silly addNameRange     '0.4.8',
316 silly addNameRange     '0.4.9',
316 silly addNameRange     '0.4.10',
316 silly addNameRange     '0.5.0',
316 silly addNameRange     '0.5.1',
316 silly addNameRange     '0.5.2',
316 silly addNameRange     '0.5.3',
316 silly addNameRange     '0.5.4',
316 silly addNameRange     '0.6.0',
316 silly addNameRange     '0.6.1',
316 silly addNameRange     '0.7.0',
316 silly addNameRange     '0.7.1',
316 silly addNameRange     '0.7.2',
316 silly addNameRange     '0.8.0',
316 silly addNameRange     '0.8.1',
316 silly addNameRange     '0.8.2',
316 silly addNameRange     '0.8.3',
316 silly addNameRange     '0.8.4',
316 silly addNameRange     '0.9.0',
316 silly addNameRange     '0.9.1',
316 silly addNameRange     '0.9.2',
316 silly addNameRange     '0.9.3',
316 silly addNameRange     '0.9.4',
316 silly addNameRange     '0.9.5',
316 silly addNameRange     '0.9.6',
316 silly addNameRange     '0.9.7',
316 silly addNameRange     '0.9.8',
316 silly addNameRange     '0.9.9',
316 silly addNameRange     '0.9.10',
316 silly addNameRange     '0.9.11',
316 silly addNameRange     '0.9.12',
316 silly addNameRange     '0.9.13',
316 silly addNameRange     '0.9.14',
316 silly addNameRange     '0.9.15',
316 silly addNameRange     '0.9.16',
316 silly addNameRange     '0.9.17',
316 silly addNameRange     '0.9.18',
316 silly addNameRange     '1.0.0',
316 silly addNameRange     '1.0.1',
316 silly addNameRange     '1.1.0',
316 silly addNameRange     '1.1.1',
316 silly addNameRange     '1.1.2',
316 silly addNameRange     '1.1.3',
316 silly addNameRange     '1.1.4',
316 silly addNameRange     '1.2.0',
316 silly addNameRange     '1.2.1',
316 silly addNameRange     '1.2.2',
316 silly addNameRange     '1.2.3',
316 silly addNameRange     '1.2.4',
316 silly addNameRange     '1.2.5',
316 silly addNameRange     '1.2.6',
316 silly addNameRange     '2.0.0-alpha',
316 silly addNameRange     '2.0.0-beta',
316 silly addNameRange     '2.0.0-beta.2',
316 silly addNameRange     '2.0.0',
316 silly addNameRange     '2.0.1',
316 silly addNameRange     '2.0.2',
316 silly addNameRange     '2.0.3',
316 silly addNameRange     '2.1.0',
316 silly addNameRange     '2.1.1',
316 silly addNameRange     '2.1.2',
316 silly addNameRange     '2.1.3',
316 silly addNameRange     '2.1.4',
316 silly addNameRange     '2.1.5',
316 silly addNameRange     '2.2.0',
316 silly addNameRange     '2.2.1',
316 silly addNameRange     '2.2.2',
316 silly addNameRange     '2.3.0',
316 silly addNameRange     '2.4.0',
316 silly addNameRange     '1.2.7',
316 silly addNameRange     '2.4.1' ] ]
317 verbose addNamed [ 'core-js', '2.4.1' ]
318 verbose addNamed [ '2.4.1', '2.4.1' ]
319 silly lockFile fcae3d95-core-js-2-4-1 core-js@2.4.1
320 verbose lock core-js@2.4.1 /home/jean/.npm/fcae3d95-core-js-2-4-1.lock
321 silly lockFile eecbabed-js-org-core-js-core-js-2-4-1-tgz https://registry.npmjs.org/core-js/-/core-js-2.4.1.tgz
322 verbose lock https://registry.npmjs.org/core-js/-/core-js-2.4.1.tgz /home/jean/.npm/eecbabed-js-org-core-js-core-js-2-4-1-tgz.lock
323 verbose addRemoteTarball [ 'https://registry.npmjs.org/core-js/-/core-js-2.4.1.tgz',
323 verbose addRemoteTarball   '4de911e667b0eae9124e34254b53aea6fc618d3e' ]
324 info retry fetch attempt 1 at 15:14:52
325 verbose fetch to= /home/jean/tmp/npm-8203-u8CQdTys/1480774492549-0.23426757520064712/tmp.tgz
326 http GET https://registry.npmjs.org/core-js/-/core-js-2.4.1.tgz
327 http 200 https://registry.npmjs.org/reflect-metadata/-/reflect-metadata-0.1.8.tgz
328 http 404 https://registry.npmjs.org/angular/router/3.0.0
329 silly registry.get cb [ 404,
329 silly registry.get   { server: 'CouchDB/1.5.0 (Erlang OTP/R16B03)',
329 silly registry.get     'content-type': 'application/json',
329 silly registry.get     'cache-control': 'max-age=0',
329 silly registry.get     'content-length': '40',
329 silly registry.get     'accept-ranges': 'bytes',
329 silly registry.get     date: 'Sat, 03 Dec 2016 14:14:51 GMT',
329 silly registry.get     via: '1.1 varnish',
329 silly registry.get     age: '0',
329 silly registry.get     connection: 'keep-alive',
329 silly registry.get     'x-served-by': 'cache-fra1222-FRA',
329 silly registry.get     'x-cache': 'MISS',
329 silly registry.get     'x-cache-hits': '0',
329 silly registry.get     'x-timer': 'S1480774491.572316,VS0,VE286' } ]
330 silly lockFile 72aca4b2-angular-router-3-0-0 angular/router@3.0.0
331 silly lockFile 72aca4b2-angular-router-3-0-0 angular/router@3.0.0
332 http 404 https://registry.npmjs.org/angular/platform-browser/2.0.0
333 silly registry.get cb [ 404,
333 silly registry.get   { server: 'CouchDB/1.6.1 (Erlang OTP/R16B03)',
333 silly registry.get     'content-type': 'application/json',
333 silly registry.get     'cache-control': 'max-age=0',
333 silly registry.get     'content-length': '40',
333 silly registry.get     'accept-ranges': 'bytes',
333 silly registry.get     date: 'Sat, 03 Dec 2016 14:14:51 GMT',
333 silly registry.get     via: '1.1 varnish',
333 silly registry.get     age: '0',
333 silly registry.get     connection: 'keep-alive',
333 silly registry.get     'x-served-by': 'cache-fra1245-FRA',
333 silly registry.get     'x-cache': 'MISS',
333 silly registry.get     'x-cache-hits': '0',
333 silly registry.get     'x-timer': 'S1480774491.572412,VS0,VE285' } ]
334 silly lockFile c16ff788-angular-platform-browser-2-0-0 angular/platform-browser@2.0.0
335 silly lockFile c16ff788-angular-platform-browser-2-0-0 angular/platform-browser@2.0.0
336 http 404 https://registry.npmjs.org/angular/platform-browser-dynamic/2.0.0
337 silly registry.get cb [ 404,
337 silly registry.get   { server: 'CouchDB/1.5.0 (Erlang OTP/R16B03)',
337 silly registry.get     'content-type': 'application/json',
337 silly registry.get     'cache-control': 'max-age=0',
337 silly registry.get     'content-length': '40',
337 silly registry.get     'accept-ranges': 'bytes',
337 silly registry.get     date: 'Sat, 03 Dec 2016 14:14:51 GMT',
337 silly registry.get     via: '1.1 varnish',
337 silly registry.get     age: '0',
337 silly registry.get     connection: 'keep-alive',
337 silly registry.get     'x-served-by': 'cache-fra1251-FRA',
337 silly registry.get     'x-cache': 'MISS',
337 silly registry.get     'x-cache-hits': '0',
337 silly registry.get     'x-timer': 'S1480774491.572934,VS0,VE285' } ]
338 silly lockFile feea2851-r-platform-browser-dynamic-2-0-0 angular/platform-browser-dynamic@2.0.0
339 silly lockFile feea2851-r-platform-browser-dynamic-2-0-0 angular/platform-browser-dynamic@2.0.0
340 error 404 'angular' is not in the npm registry.
340 error 404 You should bug the author to publish it
340 error 404
340 error 404 Note that you can also install from a
340 error 404 tarball, folder, or http url, or git url.
341 error System Linux 3.4.0+
342 error command "/usr/bin/nodejs" "/usr/bin/npm" "install"
343 error cwd /mnt/c/Users/jbont/code/Angular2-GettingStarted/APM - Final
344 error node -v v0.10.25
345 error npm -v 1.3.10
346 error code E404
347 verbose exit [ 1, true ]
